The system is: Windows - 10.0.22000 - AMD64
Compiling the C compiler identification source file "CMakeCCompilerId.c" succeeded.
Compiler:  
Build flags: 
Id flags:  

The output was:
0
MSBuild version 17.4.0+18d5aef85 for .NET Framework
生成启动时间为 2022/12/2 19:56:51。
节点 1 上的项目“C:\Users\79252\Downloads\quickjs-2021-03-27\cmake-build\CMakeFiles\3.24.2\CompilerIdC\CompilerIdC.vcxproj”(默认目标)。
PrepareForBuild:
  正在创建目录“Debug\”。
  正在创建目录“Debug\CompilerIdC.tlog\”。
InitializeBuildStatus:
  正在创建“Debug\CompilerIdC.tlog\unsuccessfulbuild”，因为已指定“AlwaysCreate”。
ClCompile:
  C:\Program Files\Microsoft Visual Studio\2022\Community\VC\Tools\MSVC\14.34.31933\bin\HostX86\arm64\CL.exe /c /nologo /W0 /WX- /diagnostics:column /Od /Oy- /D _ARM64_WINAPI_PARTITION_DESKTOP_SDK_AVAILABLE=1 /D _MBCS /Gm- /EHsc /RTC1 /MDd /GS /fp:precise /Zc:wchar_t /Zc:forScope /Zc:inline /Fo"Debug\\" /Fd"Debug\vc143.pdb" /external:W0 /Gd /TC /analyze- /FC /errorReport:queue CMakeCCompilerId.c
  CMakeCCompilerId.c
Link:
  C:\Program Files\Microsoft Visual Studio\2022\Community\VC\Tools\MSVC\14.34.31933\bin\HostX86\arm64\link.exe /ERRORREPORT:QUEUE /OUT:".\CompilerIdC.exe" /INCREMENTAL:NO /NOLOGO kernel32.lib user32.lib gdi32.lib winspool.lib comdlg32.lib advapi32.lib shell32.lib ole32.lib oleaut32.lib uuid.lib odbc32.lib odbccp32.lib /MANIFEST /MANIFESTUAC:"level='asInvoker' uiAccess='false'" /manifest:embed /PDB:".\CompilerIdC.pdb" /SUBSYSTEM:CONSOLE /TLBID:1 /DYNAMICBASE /NXCOMPAT /IMPLIB:".\CompilerIdC.lib" /MACHINE:ARM64 Debug\CMakeCCompilerId.obj
  CompilerIdC.vcxproj -> C:\Users\79252\Downloads\quickjs-2021-03-27\cmake-build\CMakeFiles\3.24.2\CompilerIdC\CompilerIdC.exe
PostBuildEvent:
  for %%i in (cl.exe) do @echo CMAKE_C_COMPILER=%%~$PATH:i
  :VCEnd
  CMAKE_C_COMPILER=C:\Program Files\Microsoft Visual Studio\2022\Community\VC\Tools\MSVC\14.34.31933\bin\Hostx86\arm64\cl.exe
FinalizeBuildStatus:
  正在删除文件“Debug\CompilerIdC.tlog\unsuccessfulbuild”。
  正在对“Debug\CompilerIdC.tlog\CompilerIdC.lastbuildstate”执行 Touch 任务。
已完成生成项目“C:\Users\79252\Downloads\quickjs-2021-03-27\cmake-build\CMakeFiles\3.24.2\CompilerIdC\CompilerIdC.vcxproj”(默认目标)的操作。

已成功生成。
    0 个警告
    0 个错误

已用时间 00:00:00.97


Compilation of the C compiler identification source "CMakeCCompilerId.c" produced "CompilerIdC.exe"

Compilation of the C compiler identification source "CMakeCCompilerId.c" produced "CompilerIdC.vcxproj"

The C compiler identification is MSVC, found in "C:/Users/79252/Downloads/quickjs-2021-03-27/cmake-build/CMakeFiles/3.24.2/CompilerIdC/CompilerIdC.exe"

Detecting C compiler ABI info compiled with the following output:
Change Dir: C:/Users/79252/Downloads/quickjs-2021-03-27/cmake-build/CMakeFiles/CMakeTmp

Run Build Command(s):C:/Program Files/Microsoft Visual Studio/2022/Community/MSBuild/Current/Bin/amd64/MSBuild.exe cmTC_fae54.vcxproj /p:Configuration=Debug /p:Platform=arm64 /p:VisualStudioVersion=17.0 /v:m && MSBuild version 17.4.0+18d5aef85 for .NET Framework
  用于 ARM64 的 Microsoft (R) C/C++ 优化编译器 19.34.31933 版
  CMakeCCompilerABI.c
  版权所有(C) Microsoft Corporation。保留所有权利。
  cl /c /Zi /W1 /WX- /diagnostics:column /Od /Ob0 /Oy- /D _ARM64_WINAPI_PARTITION_DESKTOP_SDK_AVAILABLE=1 /D _MBCS /D WIN32 /D _WINDOWS /D "CMAKE_INTDIR=\"Debug\"" /Gm- /RTC1 /MDd /GS /fp:precise /Zc:wchar_t /Zc:forScope /Zc:inline /Fo"cmTC_fae54.dir\Debug\\" /Fd"cmTC_fae54.dir\Debug\vc143.pdb" /external:W1 /Gd /TC /analyze- /errorReport:queue "C:\Program Files\CMake\share\cmake-3.24\Modules\CMakeCCompilerABI.c"
  cmTC_fae54.vcxproj -> C:\Users\79252\Downloads\quickjs-2021-03-27\cmake-build\CMakeFiles\CMakeTmp\Debug\cmTC_fae54.exe



Determining if the include file sys/stat.h exists passed with the following output:
Change Dir: C:/Users/79252/Downloads/quickjs-2021-03-27/cmake-build/CMakeFiles/CMakeTmp

Run Build Command(s):C:/Program Files/Microsoft Visual Studio/2022/Community/MSBuild/Current/Bin/amd64/MSBuild.exe cmTC_dbe83.vcxproj /p:Configuration=Debug /p:Platform=arm64 /p:VisualStudioVersion=17.0 /v:m && MSBuild version 17.4.0+18d5aef85 for .NET Framework
  用于 ARM64 的 Microsoft (R) C/C++ 优化编译器 19.34.31933 版
  CheckIncludeFile.c
  版权所有(C) Microsoft Corporation。保留所有权利。
  cl /c /Zi /W1 /WX- /diagnostics:column /Od /Ob0 /Oy- /D _ARM64_WINAPI_PARTITION_DESKTOP_SDK_AVAILABLE=1 /D _MBCS /D WIN32 /D _WINDOWS /D "CMAKE_INTDIR=\"Debug\"" /Gm- /RTC1 /MDd /GS /fp:precise /Zc:wchar_t /Zc:forScope /Zc:inline /Fo"cmTC_dbe83.dir\Debug\\" /Fd"cmTC_dbe83.dir\Debug\vc143.pdb" /external:W1 /Gd /TC /analyze- /errorReport:queue "C:\Users\79252\Downloads\quickjs-2021-03-27\cmake-build\CMakeFiles\CMakeTmp\CheckIncludeFile.c"
  cmTC_dbe83.vcxproj -> C:\Users\79252\Downloads\quickjs-2021-03-27\cmake-build\CMakeFiles\CMakeTmp\Debug\cmTC_dbe83.exe



Determining if the include file inttypes.h exists passed with the following output:
Change Dir: C:/Users/79252/Downloads/quickjs-2021-03-27/cmake-build/CMakeFiles/CMakeTmp

Run Build Command(s):C:/Program Files/Microsoft Visual Studio/2022/Community/MSBuild/Current/Bin/amd64/MSBuild.exe cmTC_7eac4.vcxproj /p:Configuration=Debug /p:Platform=arm64 /p:VisualStudioVersion=17.0 /v:m && MSBuild version 17.4.0+18d5aef85 for .NET Framework
  用于 ARM64 的 Microsoft (R) C/C++ 优化编译器 19.34.31933 版
  CheckIncludeFile.c
  版权所有(C) Microsoft Corporation。保留所有权利。
  cl /c /Zi /W1 /WX- /diagnostics:column /Od /Ob0 /Oy- /D _ARM64_WINAPI_PARTITION_DESKTOP_SDK_AVAILABLE=1 /D _MBCS /D WIN32 /D _WINDOWS /D "CMAKE_INTDIR=\"Debug\"" /Gm- /RTC1 /MDd /GS /fp:precise /Zc:wchar_t /Zc:forScope /Zc:inline /Fo"cmTC_7eac4.dir\Debug\\" /Fd"cmTC_7eac4.dir\Debug\vc143.pdb" /external:W1 /Gd /TC /analyze- /errorReport:queue "C:\Users\79252\Downloads\quickjs-2021-03-27\cmake-build\CMakeFiles\CMakeTmp\CheckIncludeFile.c"
  cmTC_7eac4.vcxproj -> C:\Users\79252\Downloads\quickjs-2021-03-27\cmake-build\CMakeFiles\CMakeTmp\Debug\cmTC_7eac4.exe



